Building DAG of jobs...
Using shell: /usr/bin/bash
Provided cores: 1 (use --cores to define parallelism)
Rules claiming more threads will be scaled down.
Select jobs to execute...

[Tue Apr  5 22:57:46 2022]
rule bowtie2:
    input: OutputDirectory/trimmed_reads/WNVxx211951xxCqxxAZxx20210803_R1.fastq, OutputDirectory/trimmed_reads/WNVxx211951xxCqxxAZxx20210803_R2.fastq
    output: OutputDirectory/temp_dir/WNVxx211951xxCqxxAZxx20210803.bam
    jobid: 2
    wildcards: output_dir=OutputDirectory, sample_name=WNVxx211951xxCqxxAZxx20210803
    resources: mem_mb=1000, disk_mb=1000, tmpdir=/tmp, memory=10000, time=00:05:00, cpus=1, ntasks=1

111938 reads; of these:
  111938 (100.00%) were paired; of these:
    54963 (49.10%) aligned concordantly 0 times
    56975 (50.90%) aligned concordantly exactly 1 time
    0 (0.00%) aligned concordantly >1 times
    ----
    54963 pairs aligned concordantly 0 times; of these:
      471 (0.86%) aligned discordantly 1 time
    ----
    54492 pairs aligned 0 times concordantly or discordantly; of these:
      108984 mates make up the pairs; of these:
        107804 (98.92%) aligned 0 times
        1180 (1.08%) aligned exactly 1 time
        0 (0.00%) aligned >1 times
51.85% overall alignment rate
[Tue Apr  5 22:58:39 2022]
Finished job 2.
1 of 3 steps (33%) done
Select jobs to execute...

[Tue Apr  5 22:58:39 2022]
rule samtools_sort:
    input: OutputDirectory/temp_dir/WNVxx211951xxCqxxAZxx20210803.bam
    output: OutputDirectory/bamfiles/WNVxx211951xxCqxxAZxx20210803.sorted.bam
    jobid: 1
    wildcards: output_dir=OutputDirectory, sample_name=WNVxx211951xxCqxxAZxx20210803
    resources: mem_mb=1000, disk_mb=1000, tmpdir=/tmp, memory=10000, time=00:05:00, cpus=1, ntasks=1

[Tue Apr  5 22:58:46 2022]
Finished job 1.
2 of 3 steps (67%) done
Select jobs to execute...

[Tue Apr  5 22:58:46 2022]
rule samtools_index:
    input: OutputDirectory/bamfiles/WNVxx211951xxCqxxAZxx20210803.sorted.bam
    output: OutputDirectory/bamfiles/WNVxx211951xxCqxxAZxx20210803.sorted.bam.bai
    jobid: 0
    wildcards: output_dir=OutputDirectory, sample_name=WNVxx211951xxCqxxAZxx20210803
    resources: mem_mb=1000, disk_mb=1000, tmpdir=/tmp, memory=10000, time=00:05:00, cpus=1, ntasks=1

[Tue Apr  5 22:58:47 2022]
Finished job 0.
3 of 3 steps (100%) done
