Building DAG of jobs...
Using shell: /usr/bin/bash
Provided cores: 1 (use --cores to define parallelism)
Rules claiming more threads will be scaled down.
Select jobs to execute...

[Tue Apr  5 23:05:45 2022]
rule bowtie2:
    input: OutputDirectory/trimmed_reads/WNV2111763xxCtxxAZxx20210923_R1.fastq, OutputDirectory/trimmed_reads/WNV2111763xxCtxxAZxx20210923_R2.fastq
    output: OutputDirectory/temp_dir/WNV2111763xxCtxxAZxx20210923.bam
    jobid: 2
    wildcards: output_dir=OutputDirectory, sample_name=WNV2111763xxCtxxAZxx20210923
    resources: mem_mb=1000, disk_mb=1000, tmpdir=/tmp, memory=10000, time=00:05:00, cpus=1, ntasks=1

93753 reads; of these:
  93753 (100.00%) were paired; of these:
    21644 (23.09%) aligned concordantly 0 times
    72109 (76.91%) aligned concordantly exactly 1 time
    0 (0.00%) aligned concordantly >1 times
    ----
    21644 pairs aligned concordantly 0 times; of these:
      83 (0.38%) aligned discordantly 1 time
    ----
    21561 pairs aligned 0 times concordantly or discordantly; of these:
      43122 mates make up the pairs; of these:
        42014 (97.43%) aligned 0 times
        1108 (2.57%) aligned exactly 1 time
        0 (0.00%) aligned >1 times
77.59% overall alignment rate
[Tue Apr  5 23:06:38 2022]
Finished job 2.
1 of 3 steps (33%) done
Select jobs to execute...

[Tue Apr  5 23:06:38 2022]
rule samtools_sort:
    input: OutputDirectory/temp_dir/WNV2111763xxCtxxAZxx20210923.bam
    output: OutputDirectory/bamfiles/WNV2111763xxCtxxAZxx20210923.sorted.bam
    jobid: 1
    wildcards: output_dir=OutputDirectory, sample_name=WNV2111763xxCtxxAZxx20210923
    resources: mem_mb=1000, disk_mb=1000, tmpdir=/tmp, memory=10000, time=00:05:00, cpus=1, ntasks=1

[Tue Apr  5 23:06:44 2022]
Finished job 1.
2 of 3 steps (67%) done
Select jobs to execute...

[Tue Apr  5 23:06:44 2022]
rule samtools_index:
    input: OutputDirectory/bamfiles/WNV2111763xxCtxxAZxx20210923.sorted.bam
    output: OutputDirectory/bamfiles/WNV2111763xxCtxxAZxx20210923.sorted.bam.bai
    jobid: 0
    wildcards: output_dir=OutputDirectory, sample_name=WNV2111763xxCtxxAZxx20210923
    resources: mem_mb=1000, disk_mb=1000, tmpdir=/tmp, memory=10000, time=00:05:00, cpus=1, ntasks=1

[Tue Apr  5 23:06:44 2022]
Finished job 0.
3 of 3 steps (100%) done
