Building DAG of jobs...
Using shell: /usr/bin/bash
Provided cores: 1 (use --cores to define parallelism)
Rules claiming more threads will be scaled down.
Select jobs to execute...

[Tue Apr  5 23:00:46 2022]
rule trim_reads_bbduk:
    input: read_symbolic_links/WNV2111763xxCtxxAZxx20210923.R1.fastq, read_symbolic_links/WNV2111763xxCtxxAZxx20210923.R2.fastq
    output: OutputDirectory/trimmed_reads/WNV2111763xxCtxxAZxx20210923_R1.fastq, OutputDirectory/trimmed_reads/WNV2111763xxCtxxAZxx20210923_R2.fastq
    jobid: 0
    wildcards: output_dir=OutputDirectory, sample_name=WNV2111763xxCtxxAZxx20210923
    resources: mem_mb=1000, disk_mb=1000, tmpdir=/tmp, memory=10000, time=00:5:00, cpus=1, ntasks=1


input1: read_symbolic_links/WNV2111763xxCtxxAZxx20210923.R1.fastq
input2: read_symbolic_links/WNV2111763xxCtxxAZxx20210923.R2.fastq
sample name: WNV2111763xxCtxxAZxx20210923
output1: WNV2111763xxCtxxAZxx20210923_R1.fastq
output2: WNV2111763xxCtxxAZxx20210923_R2.fastq
stats: WNV2111763xxCtxxAZxx20210923_stats.txt

java -da -Xmx60g -Xms60g -cp /scratch/clr96/packages/src/bbmap/current/ jgi.BBDuk -Xmx60g -da in=read_symbolic_links/WNV2111763xxCtxxAZxx20210923.R1.fastq in2=read_symbolic_links/WNV2111763xxCtxxAZxx20210923.R2.fastq out=OutputDirectory/trimmed_reads/WNV2111763xxCtxxAZxx20210923_R1.fastq out2=OutputDirectory/trimmed_reads/WNV2111763xxCtxxAZxx20210923_R2.fastq outm=OutputDirectory/trimmed_reads/mismatch/WNV2111763xxCtxxAZxx20210923_R1_mismatch.fastq outm2=OutputDirectory/trimmed_reads/mismatch/WNV2111763xxCtxxAZxx20210923_R2_mismatch.fastq ref=config/combined_adapter_primers.fasta stats=OutputDirectory/trimmed_reads/stats/WNV2111763xxCtxxAZxx20210923_stats.txt statscolumns=5 ottm=t restrictleft=30 ordered=t k=7 minlen=80 ktrim=l edist=3 edist2=1 ftm=5 mink=5 copyundefined fixjunk
Executing jgi.BBDuk [-Xmx60g, -da, in=read_symbolic_links/WNV2111763xxCtxxAZxx20210923.R1.fastq, in2=read_symbolic_links/WNV2111763xxCtxxAZxx20210923.R2.fastq, out=OutputDirectory/trimmed_reads/WNV2111763xxCtxxAZxx20210923_R1.fastq, out2=OutputDirectory/trimmed_reads/WNV2111763xxCtxxAZxx20210923_R2.fastq, outm=OutputDirectory/trimmed_reads/mismatch/WNV2111763xxCtxxAZxx20210923_R1_mismatch.fastq, outm2=OutputDirectory/trimmed_reads/mismatch/WNV2111763xxCtxxAZxx20210923_R2_mismatch.fastq, ref=config/combined_adapter_primers.fasta, stats=OutputDirectory/trimmed_reads/stats/WNV2111763xxCtxxAZxx20210923_stats.txt, statscolumns=5, ottm=t, restrictleft=30, ordered=t, k=7, minlen=80, ktrim=l, edist=3, edist2=1, ftm=5, mink=5, copyundefined, fixjunk]
Version 38.34

Set ORDERED to true
maskMiddle was disabled because useShortKmers=true
0.051 seconds.
Initial:
Memory: max=62277m, total=62277m, free=61246m, used=1031m

Added 11800 kmers; time: 	129.801 seconds.
Memory: max=62277m, total=62277m, free=60215m, used=2062m

Input is being processed as paired
Started output streams:	0.071 seconds.
Processing time:   		11.440 seconds.

Input:                  	187506 reads 		47064006 bases.
FTrimmed:               	187506 reads (100.00%) 	187506 bases (0.40%)
KTrimmed:               	187503 reads (100.00%) 	5467716 bases (11.62%)
Total Removed:          	0 reads (0.00%) 	5655222 bases (12.02%)
Result:                 	187506 reads (100.00%) 	41408784 bases (87.98%)

Time:                         	141.378 seconds.
Reads Processed:        187k 	1.33k reads/sec
Bases Processed:      47064k 	0.33m bases/sec
[Tue Apr  5 23:03:08 2022]
Finished job 0.
1 of 1 steps (100%) done
