Building DAG of jobs...
Using shell: /usr/bin/bash
Provided cores: 1 (use --cores to define parallelism)
Rules claiming more threads will be scaled down.
Select jobs to execute...

[Tue Apr  5 23:00:46 2022]
rule bowtie2:
    input: OutputDirectory/trimmed_reads/WNVxx211263xxCqxxAZxx20210803_R1.fastq, OutputDirectory/trimmed_reads/WNVxx211263xxCqxxAZxx20210803_R2.fastq
    output: OutputDirectory/temp_dir/WNVxx211263xxCqxxAZxx20210803.bam
    jobid: 2
    wildcards: output_dir=OutputDirectory, sample_name=WNVxx211263xxCqxxAZxx20210803
    resources: mem_mb=1000, disk_mb=1000, tmpdir=/tmp, memory=10000, time=00:05:00, cpus=1, ntasks=1

24996 reads; of these:
  24996 (100.00%) were paired; of these:
    24994 (99.99%) aligned concordantly 0 times
    2 (0.01%) aligned concordantly exactly 1 time
    0 (0.00%) aligned concordantly >1 times
    ----
    24994 pairs aligned concordantly 0 times; of these:
      0 (0.00%) aligned discordantly 1 time
    ----
    24994 pairs aligned 0 times concordantly or discordantly; of these:
      49988 mates make up the pairs; of these:
        49981 (99.99%) aligned 0 times
        7 (0.01%) aligned exactly 1 time
        0 (0.00%) aligned >1 times
0.02% overall alignment rate
[Tue Apr  5 23:00:49 2022]
Finished job 2.
1 of 3 steps (33%) done
Select jobs to execute...

[Tue Apr  5 23:00:49 2022]
rule samtools_sort:
    input: OutputDirectory/temp_dir/WNVxx211263xxCqxxAZxx20210803.bam
    output: OutputDirectory/bamfiles/WNVxx211263xxCqxxAZxx20210803.sorted.bam
    jobid: 1
    wildcards: output_dir=OutputDirectory, sample_name=WNVxx211263xxCqxxAZxx20210803
    resources: mem_mb=1000, disk_mb=1000, tmpdir=/tmp, memory=10000, time=00:05:00, cpus=1, ntasks=1

[Tue Apr  5 23:00:51 2022]
Finished job 1.
2 of 3 steps (67%) done
Select jobs to execute...

[Tue Apr  5 23:00:51 2022]
rule samtools_index:
    input: OutputDirectory/bamfiles/WNVxx211263xxCqxxAZxx20210803.sorted.bam
    output: OutputDirectory/bamfiles/WNVxx211263xxCqxxAZxx20210803.sorted.bam.bai
    jobid: 0
    wildcards: output_dir=OutputDirectory, sample_name=WNVxx211263xxCqxxAZxx20210803
    resources: mem_mb=1000, disk_mb=1000, tmpdir=/tmp, memory=10000, time=00:05:00, cpus=1, ntasks=1

[Tue Apr  5 23:00:51 2022]
Finished job 0.
3 of 3 steps (100%) done
