Building DAG of jobs...
Using shell: /usr/bin/bash
Provided cores: 1 (use --cores to define parallelism)
Rules claiming more threads will be scaled down.
Select jobs to execute...

[Tue Apr  5 22:59:47 2022]
rule bowtie2:
    input: OutputDirectory/trimmed_reads/WNVxx214785xxCqxxAZxx20210902_R1.fastq, OutputDirectory/trimmed_reads/WNVxx214785xxCqxxAZxx20210902_R2.fastq
    output: OutputDirectory/temp_dir/WNVxx214785xxCqxxAZxx20210902.bam
    jobid: 2
    wildcards: output_dir=OutputDirectory, sample_name=WNVxx214785xxCqxxAZxx20210902
    resources: mem_mb=1000, disk_mb=1000, tmpdir=/tmp, memory=10000, time=00:05:00, cpus=1, ntasks=1

63570 reads; of these:
  63570 (100.00%) were paired; of these:
    34124 (53.68%) aligned concordantly 0 times
    29446 (46.32%) aligned concordantly exactly 1 time
    0 (0.00%) aligned concordantly >1 times
    ----
    34124 pairs aligned concordantly 0 times; of these:
      205 (0.60%) aligned discordantly 1 time
    ----
    33919 pairs aligned 0 times concordantly or discordantly; of these:
      67838 mates make up the pairs; of these:
        67320 (99.24%) aligned 0 times
        518 (0.76%) aligned exactly 1 time
        0 (0.00%) aligned >1 times
47.05% overall alignment rate
[Tue Apr  5 23:00:13 2022]
Finished job 2.
1 of 3 steps (33%) done
Select jobs to execute...

[Tue Apr  5 23:00:13 2022]
rule samtools_sort:
    input: OutputDirectory/temp_dir/WNVxx214785xxCqxxAZxx20210902.bam
    output: OutputDirectory/bamfiles/WNVxx214785xxCqxxAZxx20210902.sorted.bam
    jobid: 1
    wildcards: output_dir=OutputDirectory, sample_name=WNVxx214785xxCqxxAZxx20210902
    resources: mem_mb=1000, disk_mb=1000, tmpdir=/tmp, memory=10000, time=00:05:00, cpus=1, ntasks=1

[Tue Apr  5 23:00:17 2022]
Finished job 1.
2 of 3 steps (67%) done
Select jobs to execute...

[Tue Apr  5 23:00:17 2022]
rule samtools_index:
    input: OutputDirectory/bamfiles/WNVxx214785xxCqxxAZxx20210902.sorted.bam
    output: OutputDirectory/bamfiles/WNVxx214785xxCqxxAZxx20210902.sorted.bam.bai
    jobid: 0
    wildcards: output_dir=OutputDirectory, sample_name=WNVxx214785xxCqxxAZxx20210902
    resources: mem_mb=1000, disk_mb=1000, tmpdir=/tmp, memory=10000, time=00:05:00, cpus=1, ntasks=1

[Tue Apr  5 23:00:18 2022]
Finished job 0.
3 of 3 steps (100%) done
