Building DAG of jobs...
Using shell: /usr/bin/bash
Provided cores: 1 (use --cores to define parallelism)
Rules claiming more threads will be scaled down.
Select jobs to execute...

[Tue Apr  5 22:56:46 2022]
rule bowtie2:
    input: OutputDirectory/trimmed_reads/WNVxx214771xxCqxxAZxx20210902_R1.fastq, OutputDirectory/trimmed_reads/WNVxx214771xxCqxxAZxx20210902_R2.fastq
    output: OutputDirectory/temp_dir/WNVxx214771xxCqxxAZxx20210902.bam
    jobid: 2
    wildcards: output_dir=OutputDirectory, sample_name=WNVxx214771xxCqxxAZxx20210902
    resources: mem_mb=1000, disk_mb=1000, tmpdir=/tmp, memory=10000, time=00:05:00, cpus=1, ntasks=1

37049 reads; of these:
  37049 (100.00%) were paired; of these:
    30255 (81.66%) aligned concordantly 0 times
    6794 (18.34%) aligned concordantly exactly 1 time
    0 (0.00%) aligned concordantly >1 times
    ----
    30255 pairs aligned concordantly 0 times; of these:
      1 (0.00%) aligned discordantly 1 time
    ----
    30254 pairs aligned 0 times concordantly or discordantly; of these:
      60508 mates make up the pairs; of these:
        60480 (99.95%) aligned 0 times
        28 (0.05%) aligned exactly 1 time
        0 (0.00%) aligned >1 times
18.38% overall alignment rate
[Tue Apr  5 22:56:55 2022]
Finished job 2.
1 of 3 steps (33%) done
Select jobs to execute...

[Tue Apr  5 22:56:55 2022]
rule samtools_sort:
    input: OutputDirectory/temp_dir/WNVxx214771xxCqxxAZxx20210902.bam
    output: OutputDirectory/bamfiles/WNVxx214771xxCqxxAZxx20210902.sorted.bam
    jobid: 1
    wildcards: output_dir=OutputDirectory, sample_name=WNVxx214771xxCqxxAZxx20210902
    resources: mem_mb=1000, disk_mb=1000, tmpdir=/tmp, memory=10000, time=00:05:00, cpus=1, ntasks=1

[Tue Apr  5 22:56:58 2022]
Finished job 1.
2 of 3 steps (67%) done
Select jobs to execute...

[Tue Apr  5 22:56:58 2022]
rule samtools_index:
    input: OutputDirectory/bamfiles/WNVxx214771xxCqxxAZxx20210902.sorted.bam
    output: OutputDirectory/bamfiles/WNVxx214771xxCqxxAZxx20210902.sorted.bam.bai
    jobid: 0
    wildcards: output_dir=OutputDirectory, sample_name=WNVxx214771xxCqxxAZxx20210902
    resources: mem_mb=1000, disk_mb=1000, tmpdir=/tmp, memory=10000, time=00:05:00, cpus=1, ntasks=1

[Tue Apr  5 22:56:58 2022]
Finished job 0.
3 of 3 steps (100%) done
