Building DAG of jobs...
Using shell: /usr/bin/bash
Provided cores: 1 (use --cores to define parallelism)
Rules claiming more threads will be scaled down.
Select jobs to execute...

[Tue Apr  5 23:02:45 2022]
rule bowtie2:
    input: OutputDirectory/trimmed_reads/WNVxx91I6xxCtxxAZxx20210721_R1.fastq, OutputDirectory/trimmed_reads/WNVxx91I6xxCtxxAZxx20210721_R2.fastq
    output: OutputDirectory/temp_dir/WNVxx91I6xxCtxxAZxx20210721.bam
    jobid: 2
    wildcards: output_dir=OutputDirectory, sample_name=WNVxx91I6xxCtxxAZxx20210721
    resources: mem_mb=1000, disk_mb=1000, tmpdir=/tmp, memory=10000, time=00:05:00, cpus=1, ntasks=1

53233 reads; of these:
  53233 (100.00%) were paired; of these:
    28556 (53.64%) aligned concordantly 0 times
    24677 (46.36%) aligned concordantly exactly 1 time
    0 (0.00%) aligned concordantly >1 times
    ----
    28556 pairs aligned concordantly 0 times; of these:
      290 (1.02%) aligned discordantly 1 time
    ----
    28266 pairs aligned 0 times concordantly or discordantly; of these:
      56532 mates make up the pairs; of these:
        55992 (99.04%) aligned 0 times
        540 (0.96%) aligned exactly 1 time
        0 (0.00%) aligned >1 times
47.41% overall alignment rate
[Tue Apr  5 23:03:07 2022]
Finished job 2.
1 of 3 steps (33%) done
Select jobs to execute...

[Tue Apr  5 23:03:07 2022]
rule samtools_sort:
    input: OutputDirectory/temp_dir/WNVxx91I6xxCtxxAZxx20210721.bam
    output: OutputDirectory/bamfiles/WNVxx91I6xxCtxxAZxx20210721.sorted.bam
    jobid: 1
    wildcards: output_dir=OutputDirectory, sample_name=WNVxx91I6xxCtxxAZxx20210721
    resources: mem_mb=1000, disk_mb=1000, tmpdir=/tmp, memory=10000, time=00:05:00, cpus=1, ntasks=1

[Tue Apr  5 23:03:11 2022]
Finished job 1.
2 of 3 steps (67%) done
Select jobs to execute...

[Tue Apr  5 23:03:11 2022]
rule samtools_index:
    input: OutputDirectory/bamfiles/WNVxx91I6xxCtxxAZxx20210721.sorted.bam
    output: OutputDirectory/bamfiles/WNVxx91I6xxCtxxAZxx20210721.sorted.bam.bai
    jobid: 0
    wildcards: output_dir=OutputDirectory, sample_name=WNVxx91I6xxCtxxAZxx20210721
    resources: mem_mb=1000, disk_mb=1000, tmpdir=/tmp, memory=10000, time=00:05:00, cpus=1, ntasks=1

[Tue Apr  5 23:03:11 2022]
Finished job 0.
3 of 3 steps (100%) done
