Building DAG of jobs...
Using shell: /usr/bin/bash
Provided cores: 1 (use --cores to define parallelism)
Rules claiming more threads will be scaled down.
Select jobs to execute...

[Tue Apr  5 22:53:46 2022]
rule trim_reads_bbduk:
    input: read_symbolic_links/WNVxx211965xxCtxxAZxx20210730.R1.fastq, read_symbolic_links/WNVxx211965xxCtxxAZxx20210730.R2.fastq
    output: OutputDirectory/trimmed_reads/WNVxx211965xxCtxxAZxx20210730_R1.fastq, OutputDirectory/trimmed_reads/WNVxx211965xxCtxxAZxx20210730_R2.fastq
    jobid: 0
    wildcards: output_dir=OutputDirectory, sample_name=WNVxx211965xxCtxxAZxx20210730
    resources: mem_mb=1000, disk_mb=1000, tmpdir=/tmp, memory=10000, time=00:5:00, cpus=1, ntasks=1


input1: read_symbolic_links/WNVxx211965xxCtxxAZxx20210730.R1.fastq
input2: read_symbolic_links/WNVxx211965xxCtxxAZxx20210730.R2.fastq
sample name: WNVxx211965xxCtxxAZxx20210730
output1: WNVxx211965xxCtxxAZxx20210730_R1.fastq
output2: WNVxx211965xxCtxxAZxx20210730_R2.fastq
stats: WNVxx211965xxCtxxAZxx20210730_stats.txt

java -da -Xmx60g -Xms60g -cp /scratch/clr96/packages/src/bbmap/current/ jgi.BBDuk -Xmx60g -da in=read_symbolic_links/WNVxx211965xxCtxxAZxx20210730.R1.fastq in2=read_symbolic_links/WNVxx211965xxCtxxAZxx20210730.R2.fastq out=OutputDirectory/trimmed_reads/WNVxx211965xxCtxxAZxx20210730_R1.fastq out2=OutputDirectory/trimmed_reads/WNVxx211965xxCtxxAZxx20210730_R2.fastq outm=OutputDirectory/trimmed_reads/mismatch/WNVxx211965xxCtxxAZxx20210730_R1_mismatch.fastq outm2=OutputDirectory/trimmed_reads/mismatch/WNVxx211965xxCtxxAZxx20210730_R2_mismatch.fastq ref=config/combined_adapter_primers.fasta stats=OutputDirectory/trimmed_reads/stats/WNVxx211965xxCtxxAZxx20210730_stats.txt statscolumns=5 ottm=t restrictleft=30 ordered=t k=7 minlen=80 ktrim=l edist=3 edist2=1 ftm=5 mink=5 copyundefined fixjunk
Executing jgi.BBDuk [-Xmx60g, -da, in=read_symbolic_links/WNVxx211965xxCtxxAZxx20210730.R1.fastq, in2=read_symbolic_links/WNVxx211965xxCtxxAZxx20210730.R2.fastq, out=OutputDirectory/trimmed_reads/WNVxx211965xxCtxxAZxx20210730_R1.fastq, out2=OutputDirectory/trimmed_reads/WNVxx211965xxCtxxAZxx20210730_R2.fastq, outm=OutputDirectory/trimmed_reads/mismatch/WNVxx211965xxCtxxAZxx20210730_R1_mismatch.fastq, outm2=OutputDirectory/trimmed_reads/mismatch/WNVxx211965xxCtxxAZxx20210730_R2_mismatch.fastq, ref=config/combined_adapter_primers.fasta, stats=OutputDirectory/trimmed_reads/stats/WNVxx211965xxCtxxAZxx20210730_stats.txt, statscolumns=5, ottm=t, restrictleft=30, ordered=t, k=7, minlen=80, ktrim=l, edist=3, edist2=1, ftm=5, mink=5, copyundefined, fixjunk]
Version 38.34

Set ORDERED to true
maskMiddle was disabled because useShortKmers=true
0.034 seconds.
Initial:
Memory: max=62277m, total=62277m, free=61246m, used=1031m

Added 11800 kmers; time: 	129.880 seconds.
Memory: max=62277m, total=62277m, free=59871m, used=2406m

Input is being processed as paired
Started output streams:	0.297 seconds.
Processing time:   		3.068 seconds.

Input:                  	95872 reads 		24063872 bases.
FTrimmed:               	95872 reads (100.00%) 	95872 bases (0.40%)
KTrimmed:               	95865 reads (99.99%) 	2809694 bases (11.68%)
Total Removed:          	0 reads (0.00%) 	2905566 bases (12.07%)
Result:                 	95872 reads (100.00%) 	21158306 bases (87.93%)

Time:                         	133.290 seconds.
Reads Processed:       95872 	0.72k reads/sec
Bases Processed:      24063k 	0.18m bases/sec
[Tue Apr  5 22:56:00 2022]
Finished job 0.
1 of 1 steps (100%) done
