Building DAG of jobs...
Using shell: /usr/bin/bash
Provided cores: 12
Rules claiming more threads will be scaled down.
Job stats:
job          count    min threads    max threads
---------  -------  -------------  -------------
all              1              1              1
ancestral        1              1              1
export           1              1              1
refine           1              1              1
traits           1              1              1
translate        1              1              1
tree             1              1              1
total            7              1              1

Select jobs to execute...

[Mon Oct 18 13:39:47 2021]
Job 3: Building tree


        augur tree             --alignment results/aligned.fasta             --output results/tree_raw.nwk
        
Terminating processes on user request, this might take some time.
[Mon Oct 18 13:40:02 2021]
Error in rule tree:
    jobid: 3
    output: results/tree_raw.nwk
    shell:
        
        augur tree             --alignment results/aligned.fasta             --output results/tree_raw.nwk
        
        (one of the commands exited with non-zero exit code; note that snakemake uses bash strict mode!)

Complete log: /home/chase/DissertationProjects/nextstrain/wnv_nextstrain/.snakemake/log/2021-10-18T133946.903636.snakemake.log
