Building DAG of jobs...
Using shell: /usr/bin/bash
Provided cores: 12
Rules claiming more threads will be scaled down.
Job stats:
job          count    min threads    max threads
---------  -------  -------------  -------------
align            1              1              1
all              1              1              1
ancestral        1              1              1
export           1              1              1
refine           1              1              1
traits           1              1              1
translate        1              1              1
tree             1              1              1
total            8              1              1

Select jobs to execute...

[Mon Oct 18 12:39:51 2021]
Job 4: 
        Aligning sequences to config/wnv_outgroup.gb
          - filling gaps with N
        


        augur align             --sequences data/sequences.fasta             --reference-sequence config/wnv_outgroup.gb             --output results/aligned.fasta             --fill-gaps
        
Terminating processes on user request, this might take some time.
[Mon Oct 18 12:39:58 2021]
Error in rule align:
    jobid: 4
    output: results/aligned.fasta
    shell:
        
        augur align             --sequences data/sequences.fasta             --reference-sequence config/wnv_outgroup.gb             --output results/aligned.fasta             --fill-gaps
        
        (one of the commands exited with non-zero exit code; note that snakemake uses bash strict mode!)

Complete log: /home/chase/DissertationProjects/nextstrain/wnv_nextstrain/.snakemake/log/2021-10-18T123951.618572.snakemake.log
