Building DAG of jobs...
Using shell: /usr/bin/bash
Provided cores: 15
Rules claiming more threads will be scaled down.
Job stats:
job          count    min threads    max threads
---------  -------  -------------  -------------
all              1              1              1
ancestral        1              1              1
export           1              1              1
refine           1              1              1
traits           1              1              1
translate        1              1              1
tree             1              1              1
total            7              1              1

Select jobs to execute...

[Mon Dec  6 22:21:43 2021]
Job 3: Building tree

[Mon Dec  6 22:22:27 2021]
Finished job 3.
1 of 7 steps (14%) done
Select jobs to execute...

[Mon Dec  6 22:22:27 2021]
Job 2: 
        Refining tree
          - estimate timetree
          - use opt coalescent timescale
          - estimate marginal node dates
          - filter tips more than 4 IQDs from clock expectation
        

[Mon Dec  6 22:28:23 2021]
Finished job 2.
2 of 7 steps (29%) done
Select jobs to execute...

[Mon Dec  6 22:28:23 2021]
Job 6: Reconstructing ancestral sequences and mutations


[Mon Dec  6 22:28:23 2021]
Job 5: Inferring ancestral traits for country

[Mon Dec  6 22:28:37 2021]
Finished job 6.
3 of 7 steps (43%) done
Select jobs to execute...

[Mon Dec  6 22:28:37 2021]
Job 7: Translating amino acid sequences

[Mon Dec  6 22:28:38 2021]
Finished job 7.
4 of 7 steps (57%) done
Terminating processes on user request, this might take some time.
Cancelling snakemake on user request.
