Building DAG of jobs...
Using shell: /usr/bin/bash
Provided cores: 12
Rules claiming more threads will be scaled down.
Job stats:
job          count    min threads    max threads
---------  -------  -------------  -------------
all              1              1              1
ancestral        1              1              1
export           1              1              1
refine           1              1              1
traits           1              1              1
translate        1              1              1
total            6              1              1

Select jobs to execute...

[Fri Oct 15 20:11:48 2021]
Job 2: 
        Refining tree
          - estimate timetree
          - use opt coalescent timescale
          - estimate marginal node dates
          - filter tips more than 4 IQDs from clock expectation
        


        augur refine             --tree results/tree_raw.nwk             --alignment results/aligned.fasta             --metadata data/metadata.tsv             --output-tree results/tree.nwk             --output-node-data results/branch_lengths.json             --timetree             --coalescent opt             --date-confidence             --date-inference marginal             --clock-filter-iqd 4
        
[Fri Oct 15 20:15:24 2021]
Finished job 2.
1 of 6 steps (17%) done
Select jobs to execute...

[Fri Oct 15 20:15:24 2021]
Job 5: Inferring ancestral traits for country


        augur traits             --tree results/tree.nwk             --metadata data/metadata.tsv             --output-node-data results/traits.json             --columns country             --confidence
        

[Fri Oct 15 20:15:24 2021]
Job 6: Reconstructing ancestral sequences and mutations


        augur ancestral             --tree results/tree.nwk             --alignment results/aligned.fasta             --output-node-data results/nt_muts.json             --inference joint
        
[Fri Oct 15 20:15:32 2021]
Finished job 6.
2 of 6 steps (33%) done
Select jobs to execute...

[Fri Oct 15 20:15:32 2021]
Job 7: Translating amino acid sequences


        augur translate             --tree results/tree.nwk             --ancestral-sequences results/nt_muts.json             --reference-sequence config/wnv_outgroup.gb             --output-node-data results/aa_muts.json         
[Fri Oct 15 20:15:33 2021]
Finished job 7.
3 of 6 steps (50%) done
[Fri Oct 15 20:18:05 2021]
Finished job 5.
4 of 6 steps (67%) done
Select jobs to execute...

[Fri Oct 15 20:18:05 2021]
Job 1: Exporting data files for for auspice


        augur export v2             --tree results/tree.nwk             --metadata data/metadata.tsv             --node-data results/branch_lengths.json results/traits.json results/nt_muts.json results/aa_muts.json             --colors config/colors.tsv             --lat-longs config/lat_longs.tsv             --auspice-config config/auspice_config.json             --output auspice/wnv.json
        
[Fri Oct 15 20:18:06 2021]
Finished job 1.
5 of 6 steps (83%) done
Select jobs to execute...

[Fri Oct 15 20:18:06 2021]
localrule all:
    input: auspice/wnv.json
    jobid: 0
    resources: tmpdir=/tmp

[Fri Oct 15 20:18:06 2021]
Finished job 0.
6 of 6 steps (100%) done
Complete log: /home/chase/DissertationProjects/nextstrain/wnv_nextstrain/.snakemake/log/2021-10-15T201148.678888.snakemake.log
