Building DAG of jobs...
Using shell: /usr/bin/bash
Provided cores: 12
Rules claiming more threads will be scaled down.
Job stats:
job          count    min threads    max threads
---------  -------  -------------  -------------
all              1              1              1
export           1              1              1
traits           1              1              1
translate        1              1              1
total            4              1              1

Select jobs to execute...

[Fri Oct 15 18:44:49 2021]
Job 7: Translating amino acid sequences


        augur translate             --tree results/tree.nwk             --ancestral-sequences results/nt_muts.json             --reference-sequence config/wnv_outgroup.gb             --output-node-data results/aa_muts.json         

[Fri Oct 15 18:44:49 2021]
Job 5: Inferring ancestral traits for country


        augur traits             --tree results/tree.nwk             --metadata data/metadata.tsv             --output-node-data results/traits.json             --columns country             --confidence
        
[Fri Oct 15 18:44:50 2021]
Finished job 7.
1 of 4 steps (25%) done
[Fri Oct 15 18:45:45 2021]
Finished job 5.
2 of 4 steps (50%) done
Select jobs to execute...

[Fri Oct 15 18:45:45 2021]
Job 1: Exporting data files for for auspice


        augur export v2             --tree results/tree.nwk             --metadata data/metadata.tsv             --node-data results/branch_lengths.json results/traits.json results/nt_muts.json results/aa_muts.json             --colors config/colors.tsv             --lat-longs config/lat_longs.tsv             --auspice-config config/auspice_config.json             --output auspice/wnv.json
        
[Fri Oct 15 18:45:46 2021]
Finished job 1.
3 of 4 steps (75%) done
Select jobs to execute...

[Fri Oct 15 18:45:46 2021]
localrule all:
    input: auspice/wnv.json
    jobid: 0
    resources: tmpdir=/tmp

[Fri Oct 15 18:45:46 2021]
Finished job 0.
4 of 4 steps (100%) done
Complete log: /home/chase/DissertationProjects/nextstrain/wnv_nextstrain/.snakemake/log/2021-10-15T184448.993818.snakemake.log
