Building DAG of jobs...
Using shell: /usr/bin/bash
Provided cores: 12
Rules claiming more threads will be scaled down.
Job stats:
job          count    min threads    max threads
---------  -------  -------------  -------------
align            1              1              1
all              1              1              1
ancestral        1              1              1
export           1              1              1
filter           1              1              1
refine           1              1              1
traits           1              1              1
translate        1              1              1
tree             1              1              1
total            9              1              1

Select jobs to execute...

[Fri Oct 15 18:01:35 2021]
Job 5: 
        Filtering to
          - 20 sequence(s) per country year month
          - from 2012 onwards
          - excluding strains in config/dropped_strains.txt
        


        augur filter             --sequences data/sequences.fasta             --sequence-index results/sequence_index.tsv             --metadata data/metadata.tsv             --exclude config/dropped_strains.txt             --output results/filtered.fasta             --group-by country year month             --sequences-per-group 20             --min-date 2012
        
[Fri Oct 15 18:01:35 2021]
Finished job 5.
1 of 9 steps (11%) done
Select jobs to execute...

[Fri Oct 15 18:01:35 2021]
Job 4: 
        Aligning sequences to config/wnv_outgroup.gb
          - filling gaps with N
        


        augur align             --sequences results/filtered.fasta             --reference-sequence config/wnv_outgroup.gb             --output results/aligned.fasta             --fill-gaps
        
[Fri Oct 15 18:01:43 2021]
Finished job 4.
2 of 9 steps (22%) done
Select jobs to execute...

[Fri Oct 15 18:01:43 2021]
Job 3: Building tree


        augur tree             --alignment results/aligned.fasta             --output results/tree_raw.nwk
        
[Fri Oct 15 18:01:45 2021]
Finished job 3.
3 of 9 steps (33%) done
Select jobs to execute...

[Fri Oct 15 18:01:45 2021]
Job 2: 
        Refining tree
          - estimate timetree
          - use opt coalescent timescale
          - estimate marginal node dates
          - filter tips more than 4 IQDs from clock expectation
        


        augur refine             --tree results/tree_raw.nwk             --alignment results/aligned.fasta             --metadata data/metadata.tsv             --output-tree results/tree.nwk             --output-node-data results/branch_lengths.json             --timetree             --coalescent opt             --date-confidence             --date-inference marginal             --clock-filter-iqd 4
        
[Fri Oct 15 18:02:37 2021]
Finished job 2.
4 of 9 steps (44%) done
Select jobs to execute...

[Fri Oct 15 18:02:37 2021]
Job 8: Reconstructing ancestral sequences and mutations


        augur ancestral             --tree results/tree.nwk             --alignment results/aligned.fasta             --output-node-data results/nt_muts.json             --inference joint
        

[Fri Oct 15 18:02:37 2021]
Job 7: Inferring ancestral traits for region country


        augur traits             --tree results/tree.nwk             --metadata data/metadata.tsv             --output-node-data results/traits.json             --columns region country             --confidence
        
[Fri Oct 15 18:02:37 2021]
Error in rule traits:
    jobid: 7
    output: results/traits.json
    shell:
        
        augur traits             --tree results/tree.nwk             --metadata data/metadata.tsv             --output-node-data results/traits.json             --columns region country             --confidence
        
        (one of the commands exited with non-zero exit code; note that snakemake uses bash strict mode!)

[Fri Oct 15 18:02:39 2021]
Finished job 8.
5 of 9 steps (56%) done
Shutting down, this might take some time.
Exiting because a job execution failed. Look above for error message
Complete log: /home/chase/DissertationProjects/nextstrain/wnv_nextstrain/.snakemake/log/2021-10-15T180134.928014.snakemake.log
