Building DAG of jobs...
Using shell: /usr/bin/bash
Provided cores: 12
Rules claiming more threads will be scaled down.
Job stats:
job          count    min threads    max threads
---------  -------  -------------  -------------
align            1              1              1
all              1              1              1
ancestral        1              1              1
export           1              1              1
refine           1              1              1
traits           1              1              1
translate        1              1              1
tree             1              1              1
total            8              1              1

Select jobs to execute...

[Fri Oct 15 21:40:23 2021]
Job 4: 
        Aligning sequences to config/wnv_outgroup.gb
          - filling gaps with N
        


        augur align             --sequences data/sequences.fasta             --reference-sequence config/wnv_outgroup.gb             --output results/aligned.fasta             --fill-gaps
        
[Fri Oct 15 21:41:14 2021]
Finished job 4.
1 of 8 steps (12%) done
Select jobs to execute...

[Fri Oct 15 21:41:14 2021]
Job 3: Building tree


        augur tree             --alignment results/aligned.fasta             --output results/tree_raw.nwk
        
[Fri Oct 15 21:41:14 2021]
Error in rule tree:
    jobid: 3
    output: results/tree_raw.nwk
    shell:
        
        augur tree             --alignment results/aligned.fasta             --output results/tree_raw.nwk
        
        (one of the commands exited with non-zero exit code; note that snakemake uses bash strict mode!)

Shutting down, this might take some time.
Exiting because a job execution failed. Look above for error message
Complete log: /home/chase/DissertationProjects/nextstrain/wnv_nextstrain/.snakemake/log/2021-10-15T214023.097891.snakemake.log
