Building DAG of jobs...
Using shell: /usr/bin/bash
Provided cores: 15
Rules claiming more threads will be scaled down.
Provided resources: mem_mb=28610
Job stats:
job          count    min threads    max threads
---------  -------  -------------  -------------
align            1              1              1
all              1              1              1
ancestral        1              1              1
export           1              1              1
refine           1              1              1
traits           1              1              1
translate        1              1              1
tree             1              1              1
total            8              1              1

Select jobs to execute...

[Mon Oct 18 15:27:24 2021]
Job 4: 
        Aligning sequences to config/wnv_outgroup.gb
          - filling gaps with N
        


        augur align             --sequences data/sequences_small.fasta             --reference-sequence config/wnv_outgroup.gb             --output results/aligned.fasta             --fill-gaps
        
[Mon Oct 18 15:27:26 2021]
Finished job 4.
1 of 8 steps (12%) done
Select jobs to execute...

[Mon Oct 18 15:27:26 2021]
Job 3: Building tree


        augur tree             --alignment results/aligned.fasta             --output results/tree_raw.nwk
        
[Mon Oct 18 15:27:27 2021]
Finished job 3.
2 of 8 steps (25%) done
Select jobs to execute...

[Mon Oct 18 15:27:27 2021]
Job 2: 
        Refining tree
          - estimate timetree
          - use opt coalescent timescale
          - estimate marginal node dates
          - filter tips more than 4 IQDs from clock expectation
        


        augur refine             --tree results/tree_raw.nwk             --alignment results/aligned.fasta             --metadata data/metadata.tsv             --output-tree results/tree.nwk             --output-node-data results/branch_lengths.json             --timetree             --coalescent opt             --date-confidence             --date-inference marginal             --clock-filter-iqd 4
        
[Mon Oct 18 15:27:39 2021]
Finished job 2.
3 of 8 steps (38%) done
Select jobs to execute...

[Mon Oct 18 15:27:39 2021]
Job 5: Inferring ancestral traits for strain


        augur traits             --tree results/tree.nwk             --metadata data/metadata.tsv             --output-node-data results/traits.json             --columns strain             --confidence
        

[Mon Oct 18 15:27:39 2021]
Job 6: Reconstructing ancestral sequences and mutations


        augur ancestral             --tree results/tree.nwk             --alignment results/aligned.fasta             --output-node-data results/nt_muts.json             --inference joint
        
[Mon Oct 18 15:27:39 2021]
Finished job 5.
4 of 8 steps (50%) done
[Mon Oct 18 15:27:40 2021]
Finished job 6.
5 of 8 steps (62%) done
Select jobs to execute...

[Mon Oct 18 15:27:40 2021]
Job 7: Translating amino acid sequences


        augur translate             --tree results/tree.nwk             --ancestral-sequences results/nt_muts.json             --reference-sequence config/wnv_outgroup.gb             --output-node-data results/aa_muts.json         
[Mon Oct 18 15:27:40 2021]
Finished job 7.
6 of 8 steps (75%) done
Select jobs to execute...

[Mon Oct 18 15:27:40 2021]
Job 1: Exporting data files for for auspice


        augur export v2             --tree results/tree.nwk             --metadata data/metadata.tsv             --node-data results/branch_lengths.json results/traits.json results/nt_muts.json results/aa_muts.json             --colors config/colors.tsv             --lat-longs config/lat_longs.tsv             --auspice-config config/auspice_config.json             --output auspice/wnv_small.json
        
[Mon Oct 18 15:27:41 2021]
Finished job 1.
7 of 8 steps (88%) done
Select jobs to execute...

[Mon Oct 18 15:27:41 2021]
localrule all:
    input: auspice/wnv_small.json
    jobid: 0
    resources: tmpdir=/tmp

[Mon Oct 18 15:27:41 2021]
Finished job 0.
8 of 8 steps (100%) done
Complete log: /home/chase/DissertationProjects/nextstrain/wnv_nextstrain/.snakemake/log/2021-10-18T152724.218094.snakemake.log
