Building DAG of jobs...
Using shell: /usr/bin/bash
Provided cores: 12
Rules claiming more threads will be scaled down.
Job stats:
job       count    min threads    max threads
------  -------  -------------  -------------
all           1              1              1
export        1              1              1
total         2              1              1

Select jobs to execute...

[Fri Oct 15 18:12:31 2021]
Job 1: Exporting data files for for auspice


        augur export v2             --tree results/tree.nwk             --metadata data/metadata.tsv             --node-data results/branch_lengths.json results/traits.json results/nt_muts.json results/aa_muts.json             --colors config/colors.tsv             --lat-longs config/lat_longs.tsv             --auspice-config config/auspice_config.json             --output auspice/wnv.json
        
[Fri Oct 15 18:12:32 2021]
Finished job 1.
1 of 2 steps (50%) done
Select jobs to execute...

[Fri Oct 15 18:12:32 2021]
localrule all:
    input: auspice/wnv.json
    jobid: 0
    resources: tmpdir=/tmp

[Fri Oct 15 18:12:32 2021]
Finished job 0.
2 of 2 steps (100%) done
Complete log: /home/chase/DissertationProjects/nextstrain/wnv_nextstrain/.snakemake/log/2021-10-15T181231.210791.snakemake.log
