Building DAG of jobs...
Using shell: /usr/bin/bash
Provided cores: 15
Rules claiming more threads will be scaled down.
Provided resources: mem_mb=28610
Job stats:
job          count    min threads    max threads
---------  -------  -------------  -------------
all              1              1              1
ancestral        1              1              1
export           1              1              1
refine           1              1              1
traits           1              1              1
translate        1              1              1
tree             1              1              1
total            7              1              1

Select jobs to execute...

[Fri Oct 22 15:01:17 2021]
Job 3: Building tree


        augur tree             --alignment results/aligned.fasta             --output results/tree_raw.nwk
        
[Fri Oct 22 15:02:04 2021]
Finished job 3.
1 of 7 steps (14%) done
Select jobs to execute...

[Fri Oct 22 15:02:04 2021]
Job 2: 
        Refining tree
          - estimate timetree
          - use opt coalescent timescale
          - estimate marginal node dates
          - filter tips more than 4 IQDs from clock expectation
        


        augur refine             --tree results/tree_raw.nwk             --alignment results/aligned.fasta             --metadata data/metadata.tsv             --output-tree results/tree.nwk             --output-node-data results/branch_lengths.json             --timetree             --coalescent opt             --date-confidence             --date-inference marginal             --clock-filter-iqd 4
        
[Fri Oct 22 15:08:15 2021]
Finished job 2.
2 of 7 steps (29%) done
Select jobs to execute...

[Fri Oct 22 15:08:15 2021]
Job 6: Reconstructing ancestral sequences and mutations


        augur ancestral             --tree results/tree.nwk             --alignment results/aligned.fasta             --output-node-data results/nt_muts.json             --inference joint
        

[Fri Oct 22 15:08:15 2021]
Job 5: Inferring ancestral traits for country


        augur traits             --tree results/tree.nwk             --metadata data/metadata.tsv             --output-node-data results/traits.json             --columns country             --confidence
        
[Fri Oct 22 15:08:29 2021]
Finished job 6.
3 of 7 steps (43%) done
Select jobs to execute...

[Fri Oct 22 15:08:29 2021]
Job 7: Translating amino acid sequences


        augur translate             --tree results/tree.nwk             --ancestral-sequences results/nt_muts.json             --reference-sequence config/wnv_outgroup.gb             --output-node-data results/aa_muts.json         
[Fri Oct 22 15:08:31 2021]
Finished job 7.
4 of 7 steps (57%) done
[Fri Oct 22 15:27:44 2021]
Finished job 5.
5 of 7 steps (71%) done
Select jobs to execute...

[Fri Oct 22 15:27:44 2021]
Job 1: Exporting data files for for auspice


        augur export v2             --tree results/tree.nwk             --metadata data/metadata.tsv             --node-data results/branch_lengths.json results/traits.json results/nt_muts.json results/aa_muts.json             --colors config/colors.tsv             --lat-longs config/lat_longs.tsv             --auspice-config config/auspice_config.json             --output auspice/wnv.json
        
[Fri Oct 22 15:27:45 2021]
Finished job 1.
6 of 7 steps (86%) done
Select jobs to execute...

[Fri Oct 22 15:27:45 2021]
localrule all:
    input: auspice/wnv.json
    jobid: 0
    resources: tmpdir=/tmp

[Fri Oct 22 15:27:45 2021]
Finished job 0.
7 of 7 steps (100%) done
Complete log: /home/chase/DissertationProjects/nextstrain/wnv_nextstrain/.snakemake/log/2021-10-22T150117.353218.snakemake.log
