Building DAG of jobs...
Using shell: /usr/bin/bash
Provided cores: 1 (use --cores to define parallelism)
Rules claiming more threads will be scaled down.
Select jobs to execute...

[Tue Apr  5 22:57:46 2022]
rule bowtie2:
    input: OutputDirectory/trimmed_reads/WNVxx216676xxCqxxAZxx20200902_R1.fastq, OutputDirectory/trimmed_reads/WNVxx216676xxCqxxAZxx20200902_R2.fastq
    output: OutputDirectory/temp_dir/WNVxx216676xxCqxxAZxx20200902.bam
    jobid: 2
    wildcards: output_dir=OutputDirectory, sample_name=WNVxx216676xxCqxxAZxx20200902
    resources: mem_mb=1000, disk_mb=1000, tmpdir=/tmp, memory=10000, time=00:05:00, cpus=1, ntasks=1

43321 reads; of these:
  43321 (100.00%) were paired; of these:
    15043 (34.72%) aligned concordantly 0 times
    28278 (65.28%) aligned concordantly exactly 1 time
    0 (0.00%) aligned concordantly >1 times
    ----
    15043 pairs aligned concordantly 0 times; of these:
      18 (0.12%) aligned discordantly 1 time
    ----
    15025 pairs aligned 0 times concordantly or discordantly; of these:
      30050 mates make up the pairs; of these:
        29872 (99.41%) aligned 0 times
        178 (0.59%) aligned exactly 1 time
        0 (0.00%) aligned >1 times
65.52% overall alignment rate
[Tue Apr  5 22:58:06 2022]
Finished job 2.
1 of 3 steps (33%) done
Select jobs to execute...

[Tue Apr  5 22:58:06 2022]
rule samtools_sort:
    input: OutputDirectory/temp_dir/WNVxx216676xxCqxxAZxx20200902.bam
    output: OutputDirectory/bamfiles/WNVxx216676xxCqxxAZxx20200902.sorted.bam
    jobid: 1
    wildcards: output_dir=OutputDirectory, sample_name=WNVxx216676xxCqxxAZxx20200902
    resources: mem_mb=1000, disk_mb=1000, tmpdir=/tmp, memory=10000, time=00:05:00, cpus=1, ntasks=1

[Tue Apr  5 22:58:09 2022]
Finished job 1.
2 of 3 steps (67%) done
Select jobs to execute...

[Tue Apr  5 22:58:09 2022]
rule samtools_index:
    input: OutputDirectory/bamfiles/WNVxx216676xxCqxxAZxx20200902.sorted.bam
    output: OutputDirectory/bamfiles/WNVxx216676xxCqxxAZxx20200902.sorted.bam.bai
    jobid: 0
    wildcards: output_dir=OutputDirectory, sample_name=WNVxx216676xxCqxxAZxx20200902
    resources: mem_mb=1000, disk_mb=1000, tmpdir=/tmp, memory=10000, time=00:05:00, cpus=1, ntasks=1

[Tue Apr  5 22:58:09 2022]
Finished job 0.
3 of 3 steps (100%) done
