Building DAG of jobs...
Using shell: /usr/bin/bash
Provided cores: 1 (use --cores to define parallelism)
Rules claiming more threads will be scaled down.
Select jobs to execute...

[Tue Apr  5 22:59:47 2022]
rule bowtie2:
    input: OutputDirectory/trimmed_reads/WNVxx2111895xxCqxxAZxx20210923_R1.fastq, OutputDirectory/trimmed_reads/WNVxx2111895xxCqxxAZxx20210923_R2.fastq
    output: OutputDirectory/temp_dir/WNVxx2111895xxCqxxAZxx20210923.bam
    jobid: 2
    wildcards: output_dir=OutputDirectory, sample_name=WNVxx2111895xxCqxxAZxx20210923
    resources: mem_mb=1000, disk_mb=1000, tmpdir=/tmp, memory=10000, time=00:05:00, cpus=1, ntasks=1

106321 reads; of these:
  106321 (100.00%) were paired; of these:
    79709 (74.97%) aligned concordantly 0 times
    26612 (25.03%) aligned concordantly exactly 1 time
    0 (0.00%) aligned concordantly >1 times
    ----
    79709 pairs aligned concordantly 0 times; of these:
      2244 (2.82%) aligned discordantly 1 time
    ----
    77465 pairs aligned 0 times concordantly or discordantly; of these:
      154930 mates make up the pairs; of these:
        151674 (97.90%) aligned 0 times
        3256 (2.10%) aligned exactly 1 time
        0 (0.00%) aligned >1 times
28.67% overall alignment rate
[Tue Apr  5 23:00:31 2022]
Finished job 2.
1 of 3 steps (33%) done
Select jobs to execute...

[Tue Apr  5 23:00:31 2022]
rule samtools_sort:
    input: OutputDirectory/temp_dir/WNVxx2111895xxCqxxAZxx20210923.bam
    output: OutputDirectory/bamfiles/WNVxx2111895xxCqxxAZxx20210923.sorted.bam
    jobid: 1
    wildcards: output_dir=OutputDirectory, sample_name=WNVxx2111895xxCqxxAZxx20210923
    resources: mem_mb=1000, disk_mb=1000, tmpdir=/tmp, memory=10000, time=00:05:00, cpus=1, ntasks=1

[Tue Apr  5 23:00:37 2022]
Finished job 1.
2 of 3 steps (67%) done
Select jobs to execute...

[Tue Apr  5 23:00:37 2022]
rule samtools_index:
    input: OutputDirectory/bamfiles/WNVxx2111895xxCqxxAZxx20210923.sorted.bam
    output: OutputDirectory/bamfiles/WNVxx2111895xxCqxxAZxx20210923.sorted.bam.bai
    jobid: 0
    wildcards: output_dir=OutputDirectory, sample_name=WNVxx2111895xxCqxxAZxx20210923
    resources: mem_mb=1000, disk_mb=1000, tmpdir=/tmp, memory=10000, time=00:05:00, cpus=1, ntasks=1

[Tue Apr  5 23:00:38 2022]
Finished job 0.
3 of 3 steps (100%) done
