Building DAG of jobs...
Using shell: /usr/bin/bash
Provided cores: 1 (use --cores to define parallelism)
Rules claiming more threads will be scaled down.
Select jobs to execute...

[Tue Apr  5 23:00:46 2022]
rule bowtie2:
    input: OutputDirectory/trimmed_reads/WNVxx211874xxAaxxAZxx20211103_R1.fastq, OutputDirectory/trimmed_reads/WNVxx211874xxAaxxAZxx20211103_R2.fastq
    output: OutputDirectory/temp_dir/WNVxx211874xxAaxxAZxx20211103.bam
    jobid: 2
    wildcards: output_dir=OutputDirectory, sample_name=WNVxx211874xxAaxxAZxx20211103
    resources: mem_mb=1000, disk_mb=1000, tmpdir=/tmp, memory=10000, time=00:05:00, cpus=1, ntasks=1

54164 reads; of these:
  54164 (100.00%) were paired; of these:
    32779 (60.52%) aligned concordantly 0 times
    21385 (39.48%) aligned concordantly exactly 1 time
    0 (0.00%) aligned concordantly >1 times
    ----
    32779 pairs aligned concordantly 0 times; of these:
      397 (1.21%) aligned discordantly 1 time
    ----
    32382 pairs aligned 0 times concordantly or discordantly; of these:
      64764 mates make up the pairs; of these:
        64194 (99.12%) aligned 0 times
        570 (0.88%) aligned exactly 1 time
        0 (0.00%) aligned >1 times
40.74% overall alignment rate
[Tue Apr  5 23:01:08 2022]
Finished job 2.
1 of 3 steps (33%) done
Select jobs to execute...

[Tue Apr  5 23:01:08 2022]
rule samtools_sort:
    input: OutputDirectory/temp_dir/WNVxx211874xxAaxxAZxx20211103.bam
    output: OutputDirectory/bamfiles/WNVxx211874xxAaxxAZxx20211103.sorted.bam
    jobid: 1
    wildcards: output_dir=OutputDirectory, sample_name=WNVxx211874xxAaxxAZxx20211103
    resources: mem_mb=1000, disk_mb=1000, tmpdir=/tmp, memory=10000, time=00:05:00, cpus=1, ntasks=1

[Tue Apr  5 23:01:11 2022]
Finished job 1.
2 of 3 steps (67%) done
Select jobs to execute...

[Tue Apr  5 23:01:11 2022]
rule samtools_index:
    input: OutputDirectory/bamfiles/WNVxx211874xxAaxxAZxx20211103.sorted.bam
    output: OutputDirectory/bamfiles/WNVxx211874xxAaxxAZxx20211103.sorted.bam.bai
    jobid: 0
    wildcards: output_dir=OutputDirectory, sample_name=WNVxx211874xxAaxxAZxx20211103
    resources: mem_mb=1000, disk_mb=1000, tmpdir=/tmp, memory=10000, time=00:05:00, cpus=1, ntasks=1

[Tue Apr  5 23:01:12 2022]
Finished job 0.
3 of 3 steps (100%) done
