Building DAG of jobs...
Using shell: /usr/bin/bash
Provided cores: 1 (use --cores to define parallelism)
Rules claiming more threads will be scaled down.
Select jobs to execute...

[Tue Apr  5 22:56:46 2022]
rule bowtie2:
    input: OutputDirectory/trimmed_reads/WNVxx211965xxCtxxAZxx20210730_R1.fastq, OutputDirectory/trimmed_reads/WNVxx211965xxCtxxAZxx20210730_R2.fastq
    output: OutputDirectory/temp_dir/WNVxx211965xxCtxxAZxx20210730.bam
    jobid: 2
    wildcards: output_dir=OutputDirectory, sample_name=WNVxx211965xxCtxxAZxx20210730
    resources: mem_mb=1000, disk_mb=1000, tmpdir=/tmp, memory=10000, time=00:05:00, cpus=1, ntasks=1

47936 reads; of these:
  47936 (100.00%) were paired; of these:
    40499 (84.49%) aligned concordantly 0 times
    7437 (15.51%) aligned concordantly exactly 1 time
    0 (0.00%) aligned concordantly >1 times
    ----
    40499 pairs aligned concordantly 0 times; of these:
      8 (0.02%) aligned discordantly 1 time
    ----
    40491 pairs aligned 0 times concordantly or discordantly; of these:
      80982 mates make up the pairs; of these:
        80928 (99.93%) aligned 0 times
        54 (0.07%) aligned exactly 1 time
        0 (0.00%) aligned >1 times
15.59% overall alignment rate
[Tue Apr  5 22:56:59 2022]
Finished job 2.
1 of 3 steps (33%) done
Select jobs to execute...

[Tue Apr  5 22:56:59 2022]
rule samtools_sort:
    input: OutputDirectory/temp_dir/WNVxx211965xxCtxxAZxx20210730.bam
    output: OutputDirectory/bamfiles/WNVxx211965xxCtxxAZxx20210730.sorted.bam
    jobid: 1
    wildcards: output_dir=OutputDirectory, sample_name=WNVxx211965xxCtxxAZxx20210730
    resources: mem_mb=1000, disk_mb=1000, tmpdir=/tmp, memory=10000, time=00:05:00, cpus=1, ntasks=1

[Tue Apr  5 22:57:02 2022]
Finished job 1.
2 of 3 steps (67%) done
Select jobs to execute...

[Tue Apr  5 22:57:02 2022]
rule samtools_index:
    input: OutputDirectory/bamfiles/WNVxx211965xxCtxxAZxx20210730.sorted.bam
    output: OutputDirectory/bamfiles/WNVxx211965xxCtxxAZxx20210730.sorted.bam.bai
    jobid: 0
    wildcards: output_dir=OutputDirectory, sample_name=WNVxx211965xxCtxxAZxx20210730
    resources: mem_mb=1000, disk_mb=1000, tmpdir=/tmp, memory=10000, time=00:05:00, cpus=1, ntasks=1

[Tue Apr  5 22:57:02 2022]
Finished job 0.
3 of 3 steps (100%) done
