Building DAG of jobs...
Using shell: /usr/bin/bash
Provided cores: 1 (use --cores to define parallelism)
Rules claiming more threads will be scaled down.
Select jobs to execute...

[Tue Apr  5 22:53:57 2022]
rule trim_reads_bbduk:
    input: read_symbolic_links/WNVxx211960xxCqxxAZxx20210803.R1.fastq, read_symbolic_links/WNVxx211960xxCqxxAZxx20210803.R2.fastq
    output: OutputDirectory/trimmed_reads/WNVxx211960xxCqxxAZxx20210803_R1.fastq, OutputDirectory/trimmed_reads/WNVxx211960xxCqxxAZxx20210803_R2.fastq
    jobid: 0
    wildcards: output_dir=OutputDirectory, sample_name=WNVxx211960xxCqxxAZxx20210803
    resources: mem_mb=1000, disk_mb=1000, tmpdir=/tmp, memory=10000, time=00:5:00, cpus=1, ntasks=1


input1: read_symbolic_links/WNVxx211960xxCqxxAZxx20210803.R1.fastq
input2: read_symbolic_links/WNVxx211960xxCqxxAZxx20210803.R2.fastq
sample name: WNVxx211960xxCqxxAZxx20210803
output1: WNVxx211960xxCqxxAZxx20210803_R1.fastq
output2: WNVxx211960xxCqxxAZxx20210803_R2.fastq
stats: WNVxx211960xxCqxxAZxx20210803_stats.txt

java -da -Xmx60g -Xms60g -cp /scratch/clr96/packages/src/bbmap/current/ jgi.BBDuk -Xmx60g -da in=read_symbolic_links/WNVxx211960xxCqxxAZxx20210803.R1.fastq in2=read_symbolic_links/WNVxx211960xxCqxxAZxx20210803.R2.fastq out=OutputDirectory/trimmed_reads/WNVxx211960xxCqxxAZxx20210803_R1.fastq out2=OutputDirectory/trimmed_reads/WNVxx211960xxCqxxAZxx20210803_R2.fastq outm=OutputDirectory/trimmed_reads/mismatch/WNVxx211960xxCqxxAZxx20210803_R1_mismatch.fastq outm2=OutputDirectory/trimmed_reads/mismatch/WNVxx211960xxCqxxAZxx20210803_R2_mismatch.fastq ref=config/combined_adapter_primers.fasta stats=OutputDirectory/trimmed_reads/stats/WNVxx211960xxCqxxAZxx20210803_stats.txt statscolumns=5 ottm=t restrictleft=30 ordered=t k=7 minlen=80 ktrim=l edist=3 edist2=1 ftm=5 mink=5 copyundefined fixjunk
Executing jgi.BBDuk [-Xmx60g, -da, in=read_symbolic_links/WNVxx211960xxCqxxAZxx20210803.R1.fastq, in2=read_symbolic_links/WNVxx211960xxCqxxAZxx20210803.R2.fastq, out=OutputDirectory/trimmed_reads/WNVxx211960xxCqxxAZxx20210803_R1.fastq, out2=OutputDirectory/trimmed_reads/WNVxx211960xxCqxxAZxx20210803_R2.fastq, outm=OutputDirectory/trimmed_reads/mismatch/WNVxx211960xxCqxxAZxx20210803_R1_mismatch.fastq, outm2=OutputDirectory/trimmed_reads/mismatch/WNVxx211960xxCqxxAZxx20210803_R2_mismatch.fastq, ref=config/combined_adapter_primers.fasta, stats=OutputDirectory/trimmed_reads/stats/WNVxx211960xxCqxxAZxx20210803_stats.txt, statscolumns=5, ottm=t, restrictleft=30, ordered=t, k=7, minlen=80, ktrim=l, edist=3, edist2=1, ftm=5, mink=5, copyundefined, fixjunk]
Version 38.34

Set ORDERED to true
maskMiddle was disabled because useShortKmers=true
0.121 seconds.
Initial:
Memory: max=62277m, total=62277m, free=61246m, used=1031m

Added 11800 kmers; time: 	128.324 seconds.
Memory: max=62277m, total=62277m, free=59871m, used=2406m

Input is being processed as paired
Started output streams:	0.547 seconds.
Processing time:   		16.047 seconds.

Input:                  	213084 reads 		53484084 bases.
FTrimmed:               	213084 reads (100.00%) 	213084 bases (0.40%)
KTrimmed:               	213082 reads (100.00%) 	6216853 bases (11.62%)
Total Removed:          	0 reads (0.00%) 	6429937 bases (12.02%)
Result:                 	213084 reads (100.00%) 	47054147 bases (87.98%)

Time:                         	145.069 seconds.
Reads Processed:        213k 	1.47k reads/sec
Bases Processed:      53484k 	0.37m bases/sec
[Tue Apr  5 22:56:24 2022]
Finished job 0.
1 of 1 steps (100%) done
